[debug] [2022-06-25T14:00:21.618Z] ----------------------------------------------------------------------
[debug] [2022-06-25T14:00:21.618Z] Command:       /Users/razvan/.nvm/versions/node/v16.13.2/bin/node /Users/razvan/.nvm/versions/node/v16.13.2/bin/firebase deploy --only functions
[debug] [2022-06-25T14:00:21.619Z] CLI Version:   11.1.0
[debug] [2022-06-25T14:00:21.619Z] Platform:      darwin
[debug] [2022-06-25T14:00:21.619Z] Node Version:  v16.13.2
[debug] [2022-06-25T14:00:21.623Z] Time:          Sat Jun 25 2022 17:00:21 GMT+0300 (Eastern European Summer Time)
[debug] [2022-06-25T14:00:21.623Z] ----------------------------------------------------------------------
[debug] 
[debug] [2022-06-25T14:00:21.652Z] > command requires scopes: ["email","openid","https://www.googleapis.com/auth/cloudplatformprojects.readonly","https://www.googleapis.com/auth/firebase","https://www.googleapis.com/auth/cloud-platform"]
[debug] [2022-06-25T14:00:21.652Z] > authorizing via signed-in user (timisrazvanvasile@gmail.com)
[debug] [2022-06-25T14:00:21.652Z] [iam] checking project razvantimis-webpage for permissions ["cloudfunctions.functions.create","cloudfunctions.functions.delete","cloudfunctions.functions.get","cloudfunctions.functions.list","cloudfunctions.functions.update","cloudfunctions.operations.get","firebase.projects.get"]
[debug] [2022-06-25T14:00:21.654Z] >>> [apiv2][query] POST https://cloudresourcemanager.googleapis.com/v1/projects/razvantimis-webpage:testIamPermissions [none]
[debug] [2022-06-25T14:00:21.654Z] >>> [apiv2][body] POST https://cloudresourcemanager.googleapis.com/v1/projects/razvantimis-webpage:testIamPermissions {"permissions":["cloudfunctions.functions.create","cloudfunctions.functions.delete","cloudfunctions.functions.get","cloudfunctions.functions.list","cloudfunctions.functions.update","cloudfunctions.operations.get","firebase.projects.get"]}
[debug] [2022-06-25T14:00:22.486Z] <<< [apiv2][status] POST https://cloudresourcemanager.googleapis.com/v1/projects/razvantimis-webpage:testIamPermissions 200
[debug] [2022-06-25T14:00:22.487Z] <<< [apiv2][body] POST https://cloudresourcemanager.googleapis.com/v1/projects/razvantimis-webpage:testIamPermissions {"permissions":["cloudfunctions.functions.create","cloudfunctions.functions.delete","cloudfunctions.functions.get","cloudfunctions.functions.list","cloudfunctions.functions.update","cloudfunctions.operations.get","firebase.projects.get"]}
[debug] [2022-06-25T14:00:22.487Z] >>> [apiv2][query] POST https://iam.googleapis.com/v1/projects/razvantimis-webpage/serviceAccounts/razvantimis-webpage@appspot.gserviceaccount.com:testIamPermissions [none]
[debug] [2022-06-25T14:00:22.488Z] >>> [apiv2][body] POST https://iam.googleapis.com/v1/projects/razvantimis-webpage/serviceAccounts/razvantimis-webpage@appspot.gserviceaccount.com:testIamPermissions {"permissions":["iam.serviceAccounts.actAs"]}
[debug] [2022-06-25T14:00:23.298Z] <<< [apiv2][status] POST https://iam.googleapis.com/v1/projects/razvantimis-webpage/serviceAccounts/razvantimis-webpage@appspot.gserviceaccount.com:testIamPermissions 200
[debug] [2022-06-25T14:00:23.299Z] <<< [apiv2][body] POST https://iam.googleapis.com/v1/projects/razvantimis-webpage/serviceAccounts/razvantimis-webpage@appspot.gserviceaccount.com:testIamPermissions {"permissions":["iam.serviceAccounts.actAs"]}
[info] 
[info] === Deploying to 'razvantimis-webpage'...
[info] 
[info] i  deploying functions 
[info] Running command: npm --prefix "$RESOURCE_DIR" run lint
[info] Running command: npm --prefix "$RESOURCE_DIR" run build
[info] ✔  functions: Finished running predeploy script. 
[debug] [2022-06-25T14:00:27.258Z] >>> [apiv2][query] GET https://firebase.googleapis.com/v1beta1/projects/razvantimis-webpage [none]
[debug] [2022-06-25T14:00:27.560Z] <<< [apiv2][status] GET https://firebase.googleapis.com/v1beta1/projects/razvantimis-webpage 200
[debug] [2022-06-25T14:00:27.561Z] <<< [apiv2][body] GET https://firebase.googleapis.com/v1beta1/projects/razvantimis-webpage {"projectId":"razvantimis-webpage","projectNumber":"1004462922601","displayName":"Razvan Timis Website","name":"projects/razvantimis-webpage","resources":{"hostingSite":"razvantimis-webpage","realtimeDatabaseInstance":"razvantimis-webpage"},"state":"ACTIVE"}
[info] i  functions: ensuring required API cloudfunctions.googleapis.com is enabled... 
[info] i  functions: ensuring required API cloudbuild.googleapis.com is enabled... 
[debug] [2022-06-25T14:00:27.563Z] >>> [apiv2][query] GET https://serviceusage.googleapis.com/v1/projects/razvantimis-webpage/services/cloudfunctions.googleapis.com [none]
[debug] [2022-06-25T14:00:27.566Z] >>> [apiv2][query] GET https://serviceusage.googleapis.com/v1/projects/razvantimis-webpage/services/runtimeconfig.googleapis.com [none]
[debug] [2022-06-25T14:00:27.567Z] >>> [apiv2][query] GET https://serviceusage.googleapis.com/v1/projects/razvantimis-webpage/services/cloudbuild.googleapis.com [none]
[debug] [2022-06-25T14:00:27.568Z] >>> [apiv2][query] GET https://serviceusage.googleapis.com/v1/projects/razvantimis-webpage/services/artifactregistry.googleapis.com [none]
[debug] [2022-06-25T14:00:28.631Z] <<< [apiv2][status] GET https://serviceusage.googleapis.com/v1/projects/razvantimis-webpage/services/runtimeconfig.googleapis.com 200
[debug] [2022-06-25T14:00:28.631Z] <<< [apiv2][body] GET https://serviceusage.googleapis.com/v1/projects/razvantimis-webpage/services/runtimeconfig.googleapis.com [omitted]
[debug] [2022-06-25T14:00:28.633Z] <<< [apiv2][status] GET https://serviceusage.googleapis.com/v1/projects/razvantimis-webpage/services/artifactregistry.googleapis.com 200
[debug] [2022-06-25T14:00:28.633Z] <<< [apiv2][body] GET https://serviceusage.googleapis.com/v1/projects/razvantimis-webpage/services/artifactregistry.googleapis.com [omitted]
[debug] [2022-06-25T14:00:28.634Z] <<< [apiv2][status] GET https://serviceusage.googleapis.com/v1/projects/razvantimis-webpage/services/cloudfunctions.googleapis.com 200
[debug] [2022-06-25T14:00:28.634Z] <<< [apiv2][body] GET https://serviceusage.googleapis.com/v1/projects/razvantimis-webpage/services/cloudfunctions.googleapis.com [omitted]
[info] ✔  functions: required API cloudfunctions.googleapis.com is enabled 
[debug] [2022-06-25T14:00:28.635Z] <<< [apiv2][status] GET https://serviceusage.googleapis.com/v1/projects/razvantimis-webpage/services/cloudbuild.googleapis.com 200
[debug] [2022-06-25T14:00:28.635Z] <<< [apiv2][body] GET https://serviceusage.googleapis.com/v1/projects/razvantimis-webpage/services/cloudbuild.googleapis.com [omitted]
[info] ✔  functions: required API cloudbuild.googleapis.com is enabled 
[debug] [2022-06-25T14:00:28.636Z] >>> [apiv2][query] GET https://firebase.googleapis.com/v1beta1/projects/razvantimis-webpage/adminSdkConfig [none]
[debug] [2022-06-25T14:00:28.916Z] <<< [apiv2][status] GET https://firebase.googleapis.com/v1beta1/projects/razvantimis-webpage/adminSdkConfig 200
[debug] [2022-06-25T14:00:28.916Z] <<< [apiv2][body] GET https://firebase.googleapis.com/v1beta1/projects/razvantimis-webpage/adminSdkConfig {"projectId":"razvantimis-webpage","databaseURL":"https://razvantimis-webpage.firebaseio.com","storageBucket":"razvantimis-webpage.appspot.com"}
[debug] [2022-06-25T14:00:28.917Z] >>> [apiv2][query] GET https://runtimeconfig.googleapis.com/v1beta1/projects/razvantimis-webpage/configs [none]
[debug] [2022-06-25T14:00:29.246Z] <<< [apiv2][status] GET https://runtimeconfig.googleapis.com/v1beta1/projects/razvantimis-webpage/configs 200
[debug] [2022-06-25T14:00:29.247Z] <<< [apiv2][body] GET https://runtimeconfig.googleapis.com/v1beta1/projects/razvantimis-webpage/configs {"configs":[{"name":"projects/razvantimis-webpage/configs/oauth"}]}
[debug] [2022-06-25T14:00:29.247Z] >>> [apiv2][query] GET https://runtimeconfig.googleapis.com/v1beta1/projects/razvantimis-webpage/configs/oauth/variables [none]
[debug] [2022-06-25T14:00:29.515Z] <<< [apiv2][status] GET https://runtimeconfig.googleapis.com/v1beta1/projects/razvantimis-webpage/configs/oauth/variables 200
[debug] [2022-06-25T14:00:29.515Z] <<< [apiv2][body] GET https://runtimeconfig.googleapis.com/v1beta1/projects/razvantimis-webpage/configs/oauth/variables {"variables":[{"name":"projects/razvantimis-webpage/configs/oauth/variables/client_secret","updateTime":"2021-04-04T09:39:03.620992606Z"},{"name":"projects/razvantimis-webpage/configs/oauth/variables/client_id","updateTime":"2021-04-04T09:38:30.582676145Z"}]}
[debug] [2022-06-25T14:00:29.516Z] >>> [apiv2][query] GET https://runtimeconfig.googleapis.com/v1beta1/projects/razvantimis-webpage/configs/oauth/variables/client_secret [none]
[debug] [2022-06-25T14:00:29.518Z] >>> [apiv2][query] GET https://runtimeconfig.googleapis.com/v1beta1/projects/razvantimis-webpage/configs/oauth/variables/client_id [none]
[debug] [2022-06-25T14:00:29.770Z] <<< [apiv2][status] GET https://runtimeconfig.googleapis.com/v1beta1/projects/razvantimis-webpage/configs/oauth/variables/client_id 200
[debug] [2022-06-25T14:00:29.770Z] <<< [apiv2][body] GET https://runtimeconfig.googleapis.com/v1beta1/projects/razvantimis-webpage/configs/oauth/variables/client_id {"name":"projects/razvantimis-webpage/configs/oauth/variables/client_id","updateTime":"2021-04-04T09:38:30.582676145Z","text":"a39b2b8858cd6afe3f2f"}
[debug] [2022-06-25T14:00:29.826Z] <<< [apiv2][status] GET https://runtimeconfig.googleapis.com/v1beta1/projects/razvantimis-webpage/configs/oauth/variables/client_secret 200
[debug] [2022-06-25T14:00:29.826Z] <<< [apiv2][body] GET https://runtimeconfig.googleapis.com/v1beta1/projects/razvantimis-webpage/configs/oauth/variables/client_secret {"name":"projects/razvantimis-webpage/configs/oauth/variables/client_secret","updateTime":"2021-04-04T09:39:03.620992606Z","text":"05f3d6f2e8f56895fcf7d48492b5e453845034db"}
[info] i  functions: preparing codebase default for deployment 
[debug] [2022-06-25T14:00:29.827Z] Validating nodejs source
[debug] [2022-06-25T14:00:30.402Z] > [functions] package.json contents: {
  "name": "functions",
  "scripts": {
    "lint": "eslint --ext .js,.ts .",
    "build": "tsc",
    "build:watch": "tsc --watch",
    "serve": "npm run build && firebase emulators:start --only functions",
    "shell": "npm run build && firebase functions:shell",
    "start": "npm run shell",
    "deploy": "firebase deploy --only functions",
    "logs": "firebase functions:log"
  },
  "engines": {
    "node": "16"
  },
  "main": "lib/index.js",
  "dependencies": {
    "firebase-admin": "^10.0.2",
    "firebase-functions": "^3.18.0",
    "randomstring": "1.2.2",
    "express": "4.18.1",
    "simple-oauth2": "4.3.0"
  },
  "devDependencies": {
    "@typescript-eslint/eslint-plugin": "^5.12.0",
    "@typescript-eslint/parser": "^5.12.0",
    "eslint": "^8.9.0",
    "eslint-config-google": "^0.14.0",
    "eslint-plugin-import": "^2.25.4",
    "firebase-functions-test": "^0.2.0",
    "typescript": "^4.5.4",
    "@types/randomstring": "1.1.8",
    "@types/simple-oauth2": "4.1.1"
  },
  "private": true
}
[debug] [2022-06-25T14:00:30.403Z] Building nodejs source
[info] i  functions: Loaded environment variables from .env. 
[debug] [2022-06-25T14:00:30.404Z] Analyzing nodejs backend spec
[debug] [2022-06-25T14:00:30.405Z] Could not find functions.yaml. Must use http discovery
[debug] [2022-06-25T14:00:30.507Z] Serving at port 9005

[debug] [2022-06-25T14:00:30.577Z] Got response from /__/functions.yaml {"endpoints":{"oauthGithub":{"platform":"gcfv1","httpsTrigger":{},"entryPoint":"oauthGithub"}},"specVersion":"v1alpha1","requiredAPIs":[]}
[debug] [2022-06-25T14:00:30.580Z] shutdown requested via /__/quitquitquit

[info] i  functions: preparing functions directory for uploading... 
[info] i  functions: packaged /Users/razvan/workspace/razvantimis.github.io/functions (6.54 KB) for uploading 
[debug] [2022-06-25T14:00:30.608Z] >>> [apiv2][query] GET https://cloudfunctions.googleapis.com/v1/projects/razvantimis-webpage/locations/-/functions [none]
[debug] [2022-06-25T14:00:31.283Z] <<< [apiv2][status] GET https://cloudfunctions.googleapis.com/v1/projects/razvantimis-webpage/locations/-/functions 200
[debug] [2022-06-25T14:00:31.284Z] <<< [apiv2][body] GET https://cloudfunctions.googleapis.com/v1/projects/razvantimis-webpage/locations/-/functions {"functions":[{"name":"projects/razvantimis-webpage/locations/us-central1/functions/oauthGithub","httpsTrigger":{"url":"https://us-central1-razvantimis-webpage.cloudfunctions.net/oauthGithub","securityLevel":"SECURE_OPTIONAL"},"status":"ACTIVE","entryPoint":"oauthGithub","timeout":"60s","availableMemoryMb":256,"serviceAccountEmail":"razvantimis-webpage@appspot.gserviceaccount.com","updateTime":"2021-04-11T07:52:25.937Z","versionId":"5","labels":{"deployment-tool":"cli-firebase"},"sourceUploadUrl":"https://storage.googleapis.com/gcf-upload-us-central1-b1b6f2c9-27dc-4af6-86cc-9594a44ae398/abc4fe4d-5efb-424f-85cd-b42715f0e972.zip","runtime":"nodejs10","ingressSettings":"ALLOW_ALL","buildId":"3ae0332b-4f88-43ee-9950-0efcb512eef8","dockerRegistry":"CONTAINER_REGISTRY"}]}
[debug] [2022-06-25T14:00:31.284Z] >>> [apiv2][query] GET https://cloudfunctions.googleapis.com/v2alpha/projects/razvantimis-webpage/locations/-/functions [none]
[debug] [2022-06-25T14:00:32.409Z] <<< [apiv2][status] GET https://cloudfunctions.googleapis.com/v2alpha/projects/razvantimis-webpage/locations/-/functions 200
[debug] [2022-06-25T14:00:32.409Z] <<< [apiv2][body] GET https://cloudfunctions.googleapis.com/v2alpha/projects/razvantimis-webpage/locations/-/functions {}
[debug] [2022-06-25T14:00:32.413Z] >>> [apiv2][query] GET https://firebase.googleapis.com/v1beta1/projects/razvantimis-webpage [none]
[debug] [2022-06-25T14:00:32.679Z] <<< [apiv2][status] GET https://firebase.googleapis.com/v1beta1/projects/razvantimis-webpage 200
[debug] [2022-06-25T14:00:32.679Z] <<< [apiv2][body] GET https://firebase.googleapis.com/v1beta1/projects/razvantimis-webpage {"projectId":"razvantimis-webpage","projectNumber":"1004462922601","displayName":"Razvan Timis Website","name":"projects/razvantimis-webpage","resources":{"hostingSite":"razvantimis-webpage","realtimeDatabaseInstance":"razvantimis-webpage"},"state":"ACTIVE"}
[debug] [2022-06-25T14:00:32.681Z] >>> [apiv2][query] POST https://cloudfunctions.googleapis.com/v1/projects/razvantimis-webpage/locations/us-central1/functions:generateUploadUrl [none]
[debug] [2022-06-25T14:00:32.681Z] >>> [apiv2][body] POST https://cloudfunctions.googleapis.com/v1/projects/razvantimis-webpage/locations/us-central1/functions:generateUploadUrl {}
[debug] [2022-06-25T14:00:33.662Z] <<< [apiv2][status] POST https://cloudfunctions.googleapis.com/v1/projects/razvantimis-webpage/locations/us-central1/functions:generateUploadUrl 200
[debug] [2022-06-25T14:00:33.662Z] <<< [apiv2][body] POST https://cloudfunctions.googleapis.com/v1/projects/razvantimis-webpage/locations/us-central1/functions:generateUploadUrl {"uploadUrl":"https://storage.googleapis.com/uploads-424717022146.us-central1.cloudfunctions.appspot.com/da386c3b-2a63-434c-a292-af32303ac8b0.zip?GoogleAccessId=service-1004462922601@gcf-admin-robot.iam.gserviceaccount.com&Expires=1656167433&Signature=D8rdY27RL66MTu1BIBJ1FLJIwp8XPJ9RVcIy3UV1ojS2PQqtiNen9MNGFjipHmmA7wRgKWN53FH8gXguzx50vnYxziEvxyXFi7GPULYKuvNFEkRAbFBFWSFkn2HmvG6tG4F50%2B4XUT%2F4b%2BD4S9FeXy%2FjbEWVpLOQTQg%2BVy7GYq%2Bvw90izRKhUYRGKGOztVR67siH4vBQLWKwycfU%2FTK7HvRplJOmjyjd97USdx3fB9hhlGUIYBc%2FFnBOS02yhWnHkB7lzk1j6xKxI0CQWbMe62mVr2qUaqozYvjgk2YLjoHhR8Ml%2BRL4%2Bhj3K4UjT7Kv7jICrdVsyZyWIUz5S7WGKA%3D%3D"}
[debug] [2022-06-25T14:00:33.664Z] >>> [apiv2][query] PUT https://storage.googleapis.com/uploads-424717022146.us-central1.cloudfunctions.appspot.com/da386c3b-2a63-434c-a292-af32303ac8b0.zip GoogleAccessId=service-1004462922601%40gcf-admin-robot.iam.gserviceaccount.com&Expires=1656167433&Signature=D8rdY27RL66MTu1BIBJ1FLJIwp8XPJ9RVcIy3UV1ojS2PQqtiNen9MNGFjipHmmA7wRgKWN53FH8gXguzx50vnYxziEvxyXFi7GPULYKuvNFEkRAbFBFWSFkn2HmvG6tG4F50%2B4XUT%2F4b%2BD4S9FeXy%2FjbEWVpLOQTQg%2BVy7GYq%2Bvw90izRKhUYRGKGOztVR67siH4vBQLWKwycfU%2FTK7HvRplJOmjyjd97USdx3fB9hhlGUIYBc%2FFnBOS02yhWnHkB7lzk1j6xKxI0CQWbMe62mVr2qUaqozYvjgk2YLjoHhR8Ml%2BRL4%2Bhj3K4UjT7Kv7jICrdVsyZyWIUz5S7WGKA%3D%3D
[debug] [2022-06-25T14:00:33.664Z] >>> [apiv2][body] PUT https://storage.googleapis.com/uploads-424717022146.us-central1.cloudfunctions.appspot.com/da386c3b-2a63-434c-a292-af32303ac8b0.zip [stream]
[debug] [2022-06-25T14:00:34.149Z] <<< [apiv2][status] PUT https://storage.googleapis.com/uploads-424717022146.us-central1.cloudfunctions.appspot.com/da386c3b-2a63-434c-a292-af32303ac8b0.zip 200
[debug] [2022-06-25T14:00:34.149Z] <<< [apiv2][body] PUT https://storage.googleapis.com/uploads-424717022146.us-central1.cloudfunctions.appspot.com/da386c3b-2a63-434c-a292-af32303ac8b0.zip [omitted]
[info] ✔  functions: functions folder uploaded successfully 
[info] i  functions: updating Node.js 16 function oauthGithub(us-central1)... 
[debug] [2022-06-25T14:00:34.153Z] >>> [apiv2][query] PATCH https://cloudfunctions.googleapis.com/v1/projects/razvantimis-webpage/locations/us-central1/functions/oauthGithub updateMask=name%2CsourceUploadUrl%2CentryPoint%2Cruntime%2Clabels%2ChttpsTrigger.securityLevel%2CavailableMemoryMb%2CenvironmentVariables%2CsourceToken
[debug] [2022-06-25T14:00:34.153Z] >>> [apiv2][body] PATCH https://cloudfunctions.googleapis.com/v1/projects/razvantimis-webpage/locations/us-central1/functions/oauthGithub {"name":"projects/razvantimis-webpage/locations/us-central1/functions/oauthGithub","sourceUploadUrl":"https://storage.googleapis.com/uploads-424717022146.us-central1.cloudfunctions.appspot.com/da386c3b-2a63-434c-a292-af32303ac8b0.zip?GoogleAccessId=service-1004462922601@gcf-admin-robot.iam.gserviceaccount.com&Expires=1656167433&Signature=D8rdY27RL66MTu1BIBJ1FLJIwp8XPJ9RVcIy3UV1ojS2PQqtiNen9MNGFjipHmmA7wRgKWN53FH8gXguzx50vnYxziEvxyXFi7GPULYKuvNFEkRAbFBFWSFkn2HmvG6tG4F50%2B4XUT%2F4b%2BD4S9FeXy%2FjbEWVpLOQTQg%2BVy7GYq%2Bvw90izRKhUYRGKGOztVR67siH4vBQLWKwycfU%2FTK7HvRplJOmjyjd97USdx3fB9hhlGUIYBc%2FFnBOS02yhWnHkB7lzk1j6xKxI0CQWbMe62mVr2qUaqozYvjgk2YLjoHhR8Ml%2BRL4%2Bhj3K4UjT7Kv7jICrdVsyZyWIUz5S7WGKA%3D%3D","entryPoint":"oauthGithub","runtime":"nodejs16","labels":{"deployment-tool":"cli-firebase"},"httpsTrigger":{"securityLevel":"SECURE_OPTIONAL"},"availableMemoryMb":256,"environmentVariables":{"NODE_ENV":"production","PROVIDER":"github","CLIENT_ID":"f432a9casdff1e4b79c57","CLIENT_SECRET":"pampadympapampadympapampadympa","REDIRECT_URL":"https://your.server.com/callback","FIREBASE_CONFIG":"{\"projectId\":\"razvantimis-webpage\",\"databaseURL\":\"https://razvantimis-webpage.firebaseio.com\",\"storageBucket\":\"razvantimis-webpage.appspot.com\"}","GCLOUD_PROJECT":"razvantimis-webpage"}}
[debug] [2022-06-25T14:00:34.672Z] <<< [apiv2][status] PATCH https://cloudfunctions.googleapis.com/v1/projects/razvantimis-webpage/locations/us-central1/functions/oauthGithub 200
[debug] [2022-06-25T14:00:34.672Z] <<< [apiv2][body] PATCH https://cloudfunctions.googleapis.com/v1/projects/razvantimis-webpage/locations/us-central1/functions/oauthGithub {"name":"operations/cmF6dmFudGltaXMtd2VicGFnZS91cy1jZW50cmFsMS9vYXV0aEdpdGh1Yi9xMkk2bW12QWo0UQ","metadata":{"@type":"type.googleapis.com/google.cloud.functions.v1.OperationMetadataV1","target":"projects/razvantimis-webpage/locations/us-central1/functions/oauthGithub","type":"UPDATE_FUNCTION","request":{"@type":"type.googleapis.com/google.cloud.functions.v1.CloudFunction","name":"projects/razvantimis-webpage/locations/us-central1/functions/oauthGithub","httpsTrigger":{"url":"https://us-central1-razvantimis-webpage.cloudfunctions.net/oauthGithub","securityLevel":"SECURE_OPTIONAL"},"status":"ACTIVE","entryPoint":"oauthGithub","timeout":"60s","availableMemoryMb":256,"serviceAccountEmail":"razvantimis-webpage@appspot.gserviceaccount.com","updateTime":"2021-04-11T07:52:25.937Z","versionId":"5","labels":{"deployment-tool":"cli-firebase"},"sourceUploadUrl":"https://storage.googleapis.com/uploads-424717022146.us-central1.cloudfunctions.appspot.com/da386c3b-2a63-434c-a292-af32303ac8b0.zip?GoogleAccessId=service-1004462922601@gcf-admin-robot.iam.gserviceaccount.com&Expires=1656167433&Signature=D8rdY27RL66MTu1BIBJ1FLJIwp8XPJ9RVcIy3UV1ojS2PQqtiNen9MNGFjipHmmA7wRgKWN53FH8gXguzx50vnYxziEvxyXFi7GPULYKuvNFEkRAbFBFWSFkn2HmvG6tG4F50%2B4XUT%2F4b%2BD4S9FeXy%2FjbEWVpLOQTQg%2BVy7GYq%2Bvw90izRKhUYRGKGOztVR67siH4vBQLWKwycfU%2FTK7HvRplJOmjyjd97USdx3fB9hhlGUIYBc%2FFnBOS02yhWnHkB7lzk1j6xKxI0CQWbMe62mVr2qUaqozYvjgk2YLjoHhR8Ml%2BRL4%2Bhj3K4UjT7Kv7jICrdVsyZyWIUz5S7WGKA%3D%3D","environmentVariables":{"NODE_ENV":"production","PROVIDER":"github","CLIENT_ID":"f432a9casdff1e4b79c57","CLIENT_SECRET":"pampadympapampadympapampadympa","REDIRECT_URL":"https://your.server.com/callback","FIREBASE_CONFIG":"{\"projectId\":\"razvantimis-webpage\",\"databaseURL\":\"https://razvantimis-webpage.firebaseio.com\",\"storageBucket\":\"razvantimis-webpage.appspot.com\"}","GCLOUD_PROJECT":"razvantimis-webpage"},"runtime":"nodejs16","ingressSettings":"ALLOW_ALL","buildId":"3ae0332b-4f88-43ee-9950-0efcb512eef8","dockerRegistry":"CONTAINER_REGISTRY"},"versionId":"6","updateTime":"2022-06-25T14:00:34Z"}}
[debug] [2022-06-25T14:00:34.673Z] >>> [apiv2][query] GET https://cloudfunctions.googleapis.com/v1/operations/cmF6dmFudGltaXMtd2VicGFnZS91cy1jZW50cmFsMS9vYXV0aEdpdGh1Yi9xMkk2bW12QWo0UQ [none]
[debug] [2022-06-25T14:00:35.075Z] <<< [apiv2][status] GET https://cloudfunctions.googleapis.com/v1/operations/cmF6dmFudGltaXMtd2VicGFnZS91cy1jZW50cmFsMS9vYXV0aEdpdGh1Yi9xMkk2bW12QWo0UQ 200
[debug] [2022-06-25T14:00:35.075Z] <<< [apiv2][body] GET https://cloudfunctions.googleapis.com/v1/operations/cmF6dmFudGltaXMtd2VicGFnZS91cy1jZW50cmFsMS9vYXV0aEdpdGh1Yi9xMkk2bW12QWo0UQ {"name":"operations/cmF6dmFudGltaXMtd2VicGFnZS91cy1jZW50cmFsMS9vYXV0aEdpdGh1Yi9xMkk2bW12QWo0UQ","metadata":{"@type":"type.googleapis.com/google.cloud.functions.v1.OperationMetadataV1","target":"projects/razvantimis-webpage/locations/us-central1/functions/oauthGithub","type":"UPDATE_FUNCTION","request":{"@type":"type.googleapis.com/google.cloud.functions.v1.CloudFunction","name":"projects/razvantimis-webpage/locations/us-central1/functions/oauthGithub","httpsTrigger":{"url":"https://us-central1-razvantimis-webpage.cloudfunctions.net/oauthGithub","securityLevel":"SECURE_OPTIONAL"},"status":"ACTIVE","entryPoint":"oauthGithub","timeout":"60s","availableMemoryMb":256,"serviceAccountEmail":"razvantimis-webpage@appspot.gserviceaccount.com","updateTime":"2021-04-11T07:52:25.937Z","versionId":"5","labels":{"deployment-tool":"cli-firebase"},"sourceUploadUrl":"https://storage.googleapis.com/uploads-424717022146.us-central1.cloudfunctions.appspot.com/da386c3b-2a63-434c-a292-af32303ac8b0.zip?GoogleAccessId=service-1004462922601@gcf-admin-robot.iam.gserviceaccount.com&Expires=1656167433&Signature=D8rdY27RL66MTu1BIBJ1FLJIwp8XPJ9RVcIy3UV1ojS2PQqtiNen9MNGFjipHmmA7wRgKWN53FH8gXguzx50vnYxziEvxyXFi7GPULYKuvNFEkRAbFBFWSFkn2HmvG6tG4F50%2B4XUT%2F4b%2BD4S9FeXy%2FjbEWVpLOQTQg%2BVy7GYq%2Bvw90izRKhUYRGKGOztVR67siH4vBQLWKwycfU%2FTK7HvRplJOmjyjd97USdx3fB9hhlGUIYBc%2FFnBOS02yhWnHkB7lzk1j6xKxI0CQWbMe62mVr2qUaqozYvjgk2YLjoHhR8Ml%2BRL4%2Bhj3K4UjT7Kv7jICrdVsyZyWIUz5S7WGKA%3D%3D","environmentVariables":{"NODE_ENV":"production","PROVIDER":"github","CLIENT_ID":"f432a9casdff1e4b79c57","CLIENT_SECRET":"pampadympapampadympapampadympa","REDIRECT_URL":"https://your.server.com/callback","FIREBASE_CONFIG":"{\"projectId\":\"razvantimis-webpage\",\"databaseURL\":\"https://razvantimis-webpage.firebaseio.com\",\"storageBucket\":\"razvantimis-webpage.appspot.com\"}","GCLOUD_PROJECT":"razvantimis-webpage"},"runtime":"nodejs16","ingressSettings":"ALLOW_ALL","buildId":"3ae0332b-4f88-43ee-9950-0efcb512eef8","dockerRegistry":"CONTAINER_REGISTRY"},"versionId":"6","updateTime":"2022-06-25T14:00:34Z"}}
[debug] [2022-06-25T14:00:35.578Z] [update-default-us-central1-oauthGithub] Retrying task index 0
[debug] [2022-06-25T14:00:35.578Z] >>> [apiv2][query] GET https://cloudfunctions.googleapis.com/v1/operations/cmF6dmFudGltaXMtd2VicGFnZS91cy1jZW50cmFsMS9vYXV0aEdpdGh1Yi9xMkk2bW12QWo0UQ [none]
[debug] [2022-06-25T14:00:35.877Z] <<< [apiv2][status] GET https://cloudfunctions.googleapis.com/v1/operations/cmF6dmFudGltaXMtd2VicGFnZS91cy1jZW50cmFsMS9vYXV0aEdpdGh1Yi9xMkk2bW12QWo0UQ 200
[debug] [2022-06-25T14:00:35.877Z] <<< [apiv2][body] GET https://cloudfunctions.googleapis.com/v1/operations/cmF6dmFudGltaXMtd2VicGFnZS91cy1jZW50cmFsMS9vYXV0aEdpdGh1Yi9xMkk2bW12QWo0UQ {"name":"operations/cmF6dmFudGltaXMtd2VicGFnZS91cy1jZW50cmFsMS9vYXV0aEdpdGh1Yi9xMkk2bW12QWo0UQ","metadata":{"@type":"type.googleapis.com/google.cloud.functions.v1.OperationMetadataV1","target":"projects/razvantimis-webpage/locations/us-central1/functions/oauthGithub","type":"UPDATE_FUNCTION","request":{"@type":"type.googleapis.com/google.cloud.functions.v1.CloudFunction","name":"projects/razvantimis-webpage/locations/us-central1/functions/oauthGithub","httpsTrigger":{"url":"https://us-central1-razvantimis-webpage.cloudfunctions.net/oauthGithub","securityLevel":"SECURE_OPTIONAL"},"status":"ACTIVE","entryPoint":"oauthGithub","timeout":"60s","availableMemoryMb":256,"serviceAccountEmail":"razvantimis-webpage@appspot.gserviceaccount.com","updateTime":"2021-04-11T07:52:25.937Z","versionId":"5","labels":{"deployment-tool":"cli-firebase"},"sourceUploadUrl":"https://storage.googleapis.com/uploads-424717022146.us-central1.cloudfunctions.appspot.com/da386c3b-2a63-434c-a292-af32303ac8b0.zip?GoogleAccessId=service-1004462922601@gcf-admin-robot.iam.gserviceaccount.com&Expires=1656167433&Signature=D8rdY27RL66MTu1BIBJ1FLJIwp8XPJ9RVcIy3UV1ojS2PQqtiNen9MNGFjipHmmA7wRgKWN53FH8gXguzx50vnYxziEvxyXFi7GPULYKuvNFEkRAbFBFWSFkn2HmvG6tG4F50%2B4XUT%2F4b%2BD4S9FeXy%2FjbEWVpLOQTQg%2BVy7GYq%2Bvw90izRKhUYRGKGOztVR67siH4vBQLWKwycfU%2FTK7HvRplJOmjyjd97USdx3fB9hhlGUIYBc%2FFnBOS02yhWnHkB7lzk1j6xKxI0CQWbMe62mVr2qUaqozYvjgk2YLjoHhR8Ml%2BRL4%2Bhj3K4UjT7Kv7jICrdVsyZyWIUz5S7WGKA%3D%3D","environmentVariables":{"NODE_ENV":"production","PROVIDER":"github","CLIENT_ID":"f432a9casdff1e4b79c57","CLIENT_SECRET":"pampadympapampadympapampadympa","REDIRECT_URL":"https://your.server.com/callback","FIREBASE_CONFIG":"{\"projectId\":\"razvantimis-webpage\",\"databaseURL\":\"https://razvantimis-webpage.firebaseio.com\",\"storageBucket\":\"razvantimis-webpage.appspot.com\"}","GCLOUD_PROJECT":"razvantimis-webpage"},"runtime":"nodejs16","ingressSettings":"ALLOW_ALL","buildId":"3ae0332b-4f88-43ee-9950-0efcb512eef8","dockerRegistry":"CONTAINER_REGISTRY"},"versionId":"6","updateTime":"2022-06-25T14:00:34Z","buildId":"8ad4be9c-e335-43a7-948f-43dc380b33df","buildName":"projects/1004462922601/locations/us-central1/builds/8ad4be9c-e335-43a7-948f-43dc380b33df"}}
[debug] [2022-06-25T14:00:36.878Z] [update-default-us-central1-oauthGithub] Retrying task index 0
[debug] [2022-06-25T14:00:36.879Z] >>> [apiv2][query] GET https://cloudfunctions.googleapis.com/v1/operations/cmF6dmFudGltaXMtd2VicGFnZS91cy1jZW50cmFsMS9vYXV0aEdpdGh1Yi9xMkk2bW12QWo0UQ [none]
[debug] [2022-06-25T14:00:37.154Z] <<< [apiv2][status] GET https://cloudfunctions.googleapis.com/v1/operations/cmF6dmFudGltaXMtd2VicGFnZS91cy1jZW50cmFsMS9vYXV0aEdpdGh1Yi9xMkk2bW12QWo0UQ 200
[debug] [2022-06-25T14:00:37.154Z] <<< [apiv2][body] GET https://cloudfunctions.googleapis.com/v1/operations/cmF6dmFudGltaXMtd2VicGFnZS91cy1jZW50cmFsMS9vYXV0aEdpdGh1Yi9xMkk2bW12QWo0UQ {"name":"operations/cmF6dmFudGltaXMtd2VicGFnZS91cy1jZW50cmFsMS9vYXV0aEdpdGh1Yi9xMkk2bW12QWo0UQ","metadata":{"@type":"type.googleapis.com/google.cloud.functions.v1.OperationMetadataV1","target":"projects/razvantimis-webpage/locations/us-central1/functions/oauthGithub","type":"UPDATE_FUNCTION","request":{"@type":"type.googleapis.com/google.cloud.functions.v1.CloudFunction","name":"projects/razvantimis-webpage/locations/us-central1/functions/oauthGithub","httpsTrigger":{"url":"https://us-central1-razvantimis-webpage.cloudfunctions.net/oauthGithub","securityLevel":"SECURE_OPTIONAL"},"status":"ACTIVE","entryPoint":"oauthGithub","timeout":"60s","availableMemoryMb":256,"serviceAccountEmail":"razvantimis-webpage@appspot.gserviceaccount.com","updateTime":"2021-04-11T07:52:25.937Z","versionId":"5","labels":{"deployment-tool":"cli-firebase"},"sourceUploadUrl":"https://storage.googleapis.com/uploads-424717022146.us-central1.cloudfunctions.appspot.com/da386c3b-2a63-434c-a292-af32303ac8b0.zip?GoogleAccessId=service-1004462922601@gcf-admin-robot.iam.gserviceaccount.com&Expires=1656167433&Signature=D8rdY27RL66MTu1BIBJ1FLJIwp8XPJ9RVcIy3UV1ojS2PQqtiNen9MNGFjipHmmA7wRgKWN53FH8gXguzx50vnYxziEvxyXFi7GPULYKuvNFEkRAbFBFWSFkn2HmvG6tG4F50%2B4XUT%2F4b%2BD4S9FeXy%2FjbEWVpLOQTQg%2BVy7GYq%2Bvw90izRKhUYRGKGOztVR67siH4vBQLWKwycfU%2FTK7HvRplJOmjyjd97USdx3fB9hhlGUIYBc%2FFnBOS02yhWnHkB7lzk1j6xKxI0CQWbMe62mVr2qUaqozYvjgk2YLjoHhR8Ml%2BRL4%2Bhj3K4UjT7Kv7jICrdVsyZyWIUz5S7WGKA%3D%3D","environmentVariables":{"NODE_ENV":"production","PROVIDER":"github","CLIENT_ID":"f432a9casdff1e4b79c57","CLIENT_SECRET":"pampadympapampadympapampadympa","REDIRECT_URL":"https://your.server.com/callback","FIREBASE_CONFIG":"{\"projectId\":\"razvantimis-webpage\",\"databaseURL\":\"https://razvantimis-webpage.firebaseio.com\",\"storageBucket\":\"razvantimis-webpage.appspot.com\"}","GCLOUD_PROJECT":"razvantimis-webpage"},"runtime":"nodejs16","ingressSettings":"ALLOW_ALL","buildId":"3ae0332b-4f88-43ee-9950-0efcb512eef8","dockerRegistry":"CONTAINER_REGISTRY"},"versionId":"6","updateTime":"2022-06-25T14:00:34Z","buildId":"8ad4be9c-e335-43a7-948f-43dc380b33df","buildName":"projects/1004462922601/locations/us-central1/builds/8ad4be9c-e335-43a7-948f-43dc380b33df"}}
[debug] [2022-06-25T14:00:39.156Z] [update-default-us-central1-oauthGithub] Retrying task index 0
[debug] [2022-06-25T14:00:39.157Z] >>> [apiv2][query] GET https://cloudfunctions.googleapis.com/v1/operations/cmF6dmFudGltaXMtd2VicGFnZS91cy1jZW50cmFsMS9vYXV0aEdpdGh1Yi9xMkk2bW12QWo0UQ [none]
[debug] [2022-06-25T14:00:39.476Z] <<< [apiv2][status] GET https://cloudfunctions.googleapis.com/v1/operations/cmF6dmFudGltaXMtd2VicGFnZS91cy1jZW50cmFsMS9vYXV0aEdpdGh1Yi9xMkk2bW12QWo0UQ 200
[debug] [2022-06-25T14:00:39.476Z] <<< [apiv2][body] GET https://cloudfunctions.googleapis.com/v1/operations/cmF6dmFudGltaXMtd2VicGFnZS91cy1jZW50cmFsMS9vYXV0aEdpdGh1Yi9xMkk2bW12QWo0UQ {"name":"operations/cmF6dmFudGltaXMtd2VicGFnZS91cy1jZW50cmFsMS9vYXV0aEdpdGh1Yi9xMkk2bW12QWo0UQ","metadata":{"@type":"type.googleapis.com/google.cloud.functions.v1.OperationMetadataV1","target":"projects/razvantimis-webpage/locations/us-central1/functions/oauthGithub","type":"UPDATE_FUNCTION","request":{"@type":"type.googleapis.com/google.cloud.functions.v1.CloudFunction","name":"projects/razvantimis-webpage/locations/us-central1/functions/oauthGithub","httpsTrigger":{"url":"https://us-central1-razvantimis-webpage.cloudfunctions.net/oauthGithub","securityLevel":"SECURE_OPTIONAL"},"status":"ACTIVE","entryPoint":"oauthGithub","timeout":"60s","availableMemoryMb":256,"serviceAccountEmail":"razvantimis-webpage@appspot.gserviceaccount.com","updateTime":"2021-04-11T07:52:25.937Z","versionId":"5","labels":{"deployment-tool":"cli-firebase"},"sourceUploadUrl":"https://storage.googleapis.com/uploads-424717022146.us-central1.cloudfunctions.appspot.com/da386c3b-2a63-434c-a292-af32303ac8b0.zip?GoogleAccessId=service-1004462922601@gcf-admin-robot.iam.gserviceaccount.com&Expires=1656167433&Signature=D8rdY27RL66MTu1BIBJ1FLJIwp8XPJ9RVcIy3UV1ojS2PQqtiNen9MNGFjipHmmA7wRgKWN53FH8gXguzx50vnYxziEvxyXFi7GPULYKuvNFEkRAbFBFWSFkn2HmvG6tG4F50%2B4XUT%2F4b%2BD4S9FeXy%2FjbEWVpLOQTQg%2BVy7GYq%2Bvw90izRKhUYRGKGOztVR67siH4vBQLWKwycfU%2FTK7HvRplJOmjyjd97USdx3fB9hhlGUIYBc%2FFnBOS02yhWnHkB7lzk1j6xKxI0CQWbMe62mVr2qUaqozYvjgk2YLjoHhR8Ml%2BRL4%2Bhj3K4UjT7Kv7jICrdVsyZyWIUz5S7WGKA%3D%3D","environmentVariables":{"NODE_ENV":"production","PROVIDER":"github","CLIENT_ID":"f432a9casdff1e4b79c57","CLIENT_SECRET":"pampadympapampadympapampadympa","REDIRECT_URL":"https://your.server.com/callback","FIREBASE_CONFIG":"{\"projectId\":\"razvantimis-webpage\",\"databaseURL\":\"https://razvantimis-webpage.firebaseio.com\",\"storageBucket\":\"razvantimis-webpage.appspot.com\"}","GCLOUD_PROJECT":"razvantimis-webpage"},"runtime":"nodejs16","ingressSettings":"ALLOW_ALL","buildId":"3ae0332b-4f88-43ee-9950-0efcb512eef8","dockerRegistry":"CONTAINER_REGISTRY"},"versionId":"6","updateTime":"2022-06-25T14:00:34Z","buildId":"8ad4be9c-e335-43a7-948f-43dc380b33df","buildName":"projects/1004462922601/locations/us-central1/builds/8ad4be9c-e335-43a7-948f-43dc380b33df"}}
[debug] [2022-06-25T14:00:43.479Z] [update-default-us-central1-oauthGithub] Retrying task index 0
[debug] [2022-06-25T14:00:43.479Z] >>> [apiv2][query] GET https://cloudfunctions.googleapis.com/v1/operations/cmF6dmFudGltaXMtd2VicGFnZS91cy1jZW50cmFsMS9vYXV0aEdpdGh1Yi9xMkk2bW12QWo0UQ [none]
[debug] [2022-06-25T14:00:43.765Z] <<< [apiv2][status] GET https://cloudfunctions.googleapis.com/v1/operations/cmF6dmFudGltaXMtd2VicGFnZS91cy1jZW50cmFsMS9vYXV0aEdpdGh1Yi9xMkk2bW12QWo0UQ 200
[debug] [2022-06-25T14:00:43.766Z] <<< [apiv2][body] GET https://cloudfunctions.googleapis.com/v1/operations/cmF6dmFudGltaXMtd2VicGFnZS91cy1jZW50cmFsMS9vYXV0aEdpdGh1Yi9xMkk2bW12QWo0UQ {"name":"operations/cmF6dmFudGltaXMtd2VicGFnZS91cy1jZW50cmFsMS9vYXV0aEdpdGh1Yi9xMkk2bW12QWo0UQ","metadata":{"@type":"type.googleapis.com/google.cloud.functions.v1.OperationMetadataV1","target":"projects/razvantimis-webpage/locations/us-central1/functions/oauthGithub","type":"UPDATE_FUNCTION","request":{"@type":"type.googleapis.com/google.cloud.functions.v1.CloudFunction","name":"projects/razvantimis-webpage/locations/us-central1/functions/oauthGithub","httpsTrigger":{"url":"https://us-central1-razvantimis-webpage.cloudfunctions.net/oauthGithub","securityLevel":"SECURE_OPTIONAL"},"status":"ACTIVE","entryPoint":"oauthGithub","timeout":"60s","availableMemoryMb":256,"serviceAccountEmail":"razvantimis-webpage@appspot.gserviceaccount.com","updateTime":"2021-04-11T07:52:25.937Z","versionId":"5","labels":{"deployment-tool":"cli-firebase"},"sourceUploadUrl":"https://storage.googleapis.com/uploads-424717022146.us-central1.cloudfunctions.appspot.com/da386c3b-2a63-434c-a292-af32303ac8b0.zip?GoogleAccessId=service-1004462922601@gcf-admin-robot.iam.gserviceaccount.com&Expires=1656167433&Signature=D8rdY27RL66MTu1BIBJ1FLJIwp8XPJ9RVcIy3UV1ojS2PQqtiNen9MNGFjipHmmA7wRgKWN53FH8gXguzx50vnYxziEvxyXFi7GPULYKuvNFEkRAbFBFWSFkn2HmvG6tG4F50%2B4XUT%2F4b%2BD4S9FeXy%2FjbEWVpLOQTQg%2BVy7GYq%2Bvw90izRKhUYRGKGOztVR67siH4vBQLWKwycfU%2FTK7HvRplJOmjyjd97USdx3fB9hhlGUIYBc%2FFnBOS02yhWnHkB7lzk1j6xKxI0CQWbMe62mVr2qUaqozYvjgk2YLjoHhR8Ml%2BRL4%2Bhj3K4UjT7Kv7jICrdVsyZyWIUz5S7WGKA%3D%3D","environmentVariables":{"NODE_ENV":"production","PROVIDER":"github","CLIENT_ID":"f432a9casdff1e4b79c57","CLIENT_SECRET":"pampadympapampadympapampadympa","REDIRECT_URL":"https://your.server.com/callback","FIREBASE_CONFIG":"{\"projectId\":\"razvantimis-webpage\",\"databaseURL\":\"https://razvantimis-webpage.firebaseio.com\",\"storageBucket\":\"razvantimis-webpage.appspot.com\"}","GCLOUD_PROJECT":"razvantimis-webpage"},"runtime":"nodejs16","ingressSettings":"ALLOW_ALL","buildId":"3ae0332b-4f88-43ee-9950-0efcb512eef8","dockerRegistry":"CONTAINER_REGISTRY"},"versionId":"6","updateTime":"2022-06-25T14:00:34Z","buildId":"8ad4be9c-e335-43a7-948f-43dc380b33df","buildName":"projects/1004462922601/locations/us-central1/builds/8ad4be9c-e335-43a7-948f-43dc380b33df"}}
[debug] [2022-06-25T14:00:51.766Z] [update-default-us-central1-oauthGithub] Retrying task index 0
[debug] [2022-06-25T14:00:51.767Z] >>> [apiv2][query] GET https://cloudfunctions.googleapis.com/v1/operations/cmF6dmFudGltaXMtd2VicGFnZS91cy1jZW50cmFsMS9vYXV0aEdpdGh1Yi9xMkk2bW12QWo0UQ [none]
[debug] [2022-06-25T14:00:52.048Z] <<< [apiv2][status] GET https://cloudfunctions.googleapis.com/v1/operations/cmF6dmFudGltaXMtd2VicGFnZS91cy1jZW50cmFsMS9vYXV0aEdpdGh1Yi9xMkk2bW12QWo0UQ 200
[debug] [2022-06-25T14:00:52.049Z] <<< [apiv2][body] GET https://cloudfunctions.googleapis.com/v1/operations/cmF6dmFudGltaXMtd2VicGFnZS91cy1jZW50cmFsMS9vYXV0aEdpdGh1Yi9xMkk2bW12QWo0UQ {"name":"operations/cmF6dmFudGltaXMtd2VicGFnZS91cy1jZW50cmFsMS9vYXV0aEdpdGh1Yi9xMkk2bW12QWo0UQ","metadata":{"@type":"type.googleapis.com/google.cloud.functions.v1.OperationMetadataV1","target":"projects/razvantimis-webpage/locations/us-central1/functions/oauthGithub","type":"UPDATE_FUNCTION","request":{"@type":"type.googleapis.com/google.cloud.functions.v1.CloudFunction","name":"projects/razvantimis-webpage/locations/us-central1/functions/oauthGithub","httpsTrigger":{"url":"https://us-central1-razvantimis-webpage.cloudfunctions.net/oauthGithub","securityLevel":"SECURE_OPTIONAL"},"status":"ACTIVE","entryPoint":"oauthGithub","timeout":"60s","availableMemoryMb":256,"serviceAccountEmail":"razvantimis-webpage@appspot.gserviceaccount.com","updateTime":"2021-04-11T07:52:25.937Z","versionId":"5","labels":{"deployment-tool":"cli-firebase"},"sourceUploadUrl":"https://storage.googleapis.com/uploads-424717022146.us-central1.cloudfunctions.appspot.com/da386c3b-2a63-434c-a292-af32303ac8b0.zip?GoogleAccessId=service-1004462922601@gcf-admin-robot.iam.gserviceaccount.com&Expires=1656167433&Signature=D8rdY27RL66MTu1BIBJ1FLJIwp8XPJ9RVcIy3UV1ojS2PQqtiNen9MNGFjipHmmA7wRgKWN53FH8gXguzx50vnYxziEvxyXFi7GPULYKuvNFEkRAbFBFWSFkn2HmvG6tG4F50%2B4XUT%2F4b%2BD4S9FeXy%2FjbEWVpLOQTQg%2BVy7GYq%2Bvw90izRKhUYRGKGOztVR67siH4vBQLWKwycfU%2FTK7HvRplJOmjyjd97USdx3fB9hhlGUIYBc%2FFnBOS02yhWnHkB7lzk1j6xKxI0CQWbMe62mVr2qUaqozYvjgk2YLjoHhR8Ml%2BRL4%2Bhj3K4UjT7Kv7jICrdVsyZyWIUz5S7WGKA%3D%3D","environmentVariables":{"NODE_ENV":"production","PROVIDER":"github","CLIENT_ID":"f432a9casdff1e4b79c57","CLIENT_SECRET":"pampadympapampadympapampadympa","REDIRECT_URL":"https://your.server.com/callback","FIREBASE_CONFIG":"{\"projectId\":\"razvantimis-webpage\",\"databaseURL\":\"https://razvantimis-webpage.firebaseio.com\",\"storageBucket\":\"razvantimis-webpage.appspot.com\"}","GCLOUD_PROJECT":"razvantimis-webpage"},"runtime":"nodejs16","ingressSettings":"ALLOW_ALL","buildId":"3ae0332b-4f88-43ee-9950-0efcb512eef8","dockerRegistry":"CONTAINER_REGISTRY"},"versionId":"6","updateTime":"2022-06-25T14:00:34Z","buildId":"8ad4be9c-e335-43a7-948f-43dc380b33df","buildName":"projects/1004462922601/locations/us-central1/builds/8ad4be9c-e335-43a7-948f-43dc380b33df"}}
[debug] [2022-06-25T14:01:02.050Z] [update-default-us-central1-oauthGithub] Retrying task index 0
[debug] [2022-06-25T14:01:02.050Z] >>> [apiv2][query] GET https://cloudfunctions.googleapis.com/v1/operations/cmF6dmFudGltaXMtd2VicGFnZS91cy1jZW50cmFsMS9vYXV0aEdpdGh1Yi9xMkk2bW12QWo0UQ [none]
[debug] [2022-06-25T14:01:02.327Z] <<< [apiv2][status] GET https://cloudfunctions.googleapis.com/v1/operations/cmF6dmFudGltaXMtd2VicGFnZS91cy1jZW50cmFsMS9vYXV0aEdpdGh1Yi9xMkk2bW12QWo0UQ 200
[debug] [2022-06-25T14:01:02.327Z] <<< [apiv2][body] GET https://cloudfunctions.googleapis.com/v1/operations/cmF6dmFudGltaXMtd2VicGFnZS91cy1jZW50cmFsMS9vYXV0aEdpdGh1Yi9xMkk2bW12QWo0UQ {"name":"operations/cmF6dmFudGltaXMtd2VicGFnZS91cy1jZW50cmFsMS9vYXV0aEdpdGh1Yi9xMkk2bW12QWo0UQ","metadata":{"@type":"type.googleapis.com/google.cloud.functions.v1.OperationMetadataV1","target":"projects/razvantimis-webpage/locations/us-central1/functions/oauthGithub","type":"UPDATE_FUNCTION","request":{"@type":"type.googleapis.com/google.cloud.functions.v1.CloudFunction","name":"projects/razvantimis-webpage/locations/us-central1/functions/oauthGithub","httpsTrigger":{"url":"https://us-central1-razvantimis-webpage.cloudfunctions.net/oauthGithub","securityLevel":"SECURE_OPTIONAL"},"status":"ACTIVE","entryPoint":"oauthGithub","timeout":"60s","availableMemoryMb":256,"serviceAccountEmail":"razvantimis-webpage@appspot.gserviceaccount.com","updateTime":"2021-04-11T07:52:25.937Z","versionId":"5","labels":{"deployment-tool":"cli-firebase"},"sourceUploadUrl":"https://storage.googleapis.com/uploads-424717022146.us-central1.cloudfunctions.appspot.com/da386c3b-2a63-434c-a292-af32303ac8b0.zip?GoogleAccessId=service-1004462922601@gcf-admin-robot.iam.gserviceaccount.com&Expires=1656167433&Signature=D8rdY27RL66MTu1BIBJ1FLJIwp8XPJ9RVcIy3UV1ojS2PQqtiNen9MNGFjipHmmA7wRgKWN53FH8gXguzx50vnYxziEvxyXFi7GPULYKuvNFEkRAbFBFWSFkn2HmvG6tG4F50%2B4XUT%2F4b%2BD4S9FeXy%2FjbEWVpLOQTQg%2BVy7GYq%2Bvw90izRKhUYRGKGOztVR67siH4vBQLWKwycfU%2FTK7HvRplJOmjyjd97USdx3fB9hhlGUIYBc%2FFnBOS02yhWnHkB7lzk1j6xKxI0CQWbMe62mVr2qUaqozYvjgk2YLjoHhR8Ml%2BRL4%2Bhj3K4UjT7Kv7jICrdVsyZyWIUz5S7WGKA%3D%3D","environmentVariables":{"NODE_ENV":"production","PROVIDER":"github","CLIENT_ID":"f432a9casdff1e4b79c57","CLIENT_SECRET":"pampadympapampadympapampadympa","REDIRECT_URL":"https://your.server.com/callback","FIREBASE_CONFIG":"{\"projectId\":\"razvantimis-webpage\",\"databaseURL\":\"https://razvantimis-webpage.firebaseio.com\",\"storageBucket\":\"razvantimis-webpage.appspot.com\"}","GCLOUD_PROJECT":"razvantimis-webpage"},"runtime":"nodejs16","ingressSettings":"ALLOW_ALL","buildId":"3ae0332b-4f88-43ee-9950-0efcb512eef8","dockerRegistry":"CONTAINER_REGISTRY"},"versionId":"6","updateTime":"2022-06-25T14:00:34Z","buildId":"8ad4be9c-e335-43a7-948f-43dc380b33df","buildName":"projects/1004462922601/locations/us-central1/builds/8ad4be9c-e335-43a7-948f-43dc380b33df"}}
[debug] [2022-06-25T14:01:12.327Z] [update-default-us-central1-oauthGithub] Retrying task index 0
[debug] [2022-06-25T14:01:12.328Z] > refreshing access token with scopes: []
[debug] [2022-06-25T14:01:12.329Z] >>> [apiv2][query] POST https://www.googleapis.com/oauth2/v3/token [none]
[debug] [2022-06-25T14:01:12.329Z] >>> [apiv2][body] POST https://www.googleapis.com/oauth2/v3/token [omitted]
[debug] [2022-06-25T14:01:12.452Z] <<< [apiv2][status] POST https://www.googleapis.com/oauth2/v3/token 200
[debug] [2022-06-25T14:01:12.452Z] <<< [apiv2][body] POST https://www.googleapis.com/oauth2/v3/token [omitted]
[debug] [2022-06-25T14:01:12.502Z] >>> [apiv2][query] GET https://cloudfunctions.googleapis.com/v1/operations/cmF6dmFudGltaXMtd2VicGFnZS91cy1jZW50cmFsMS9vYXV0aEdpdGh1Yi9xMkk2bW12QWo0UQ [none]
[debug] [2022-06-25T14:01:12.858Z] <<< [apiv2][status] GET https://cloudfunctions.googleapis.com/v1/operations/cmF6dmFudGltaXMtd2VicGFnZS91cy1jZW50cmFsMS9vYXV0aEdpdGh1Yi9xMkk2bW12QWo0UQ 200
[debug] [2022-06-25T14:01:12.858Z] <<< [apiv2][body] GET https://cloudfunctions.googleapis.com/v1/operations/cmF6dmFudGltaXMtd2VicGFnZS91cy1jZW50cmFsMS9vYXV0aEdpdGh1Yi9xMkk2bW12QWo0UQ {"name":"operations/cmF6dmFudGltaXMtd2VicGFnZS91cy1jZW50cmFsMS9vYXV0aEdpdGh1Yi9xMkk2bW12QWo0UQ","metadata":{"@type":"type.googleapis.com/google.cloud.functions.v1.OperationMetadataV1","target":"projects/razvantimis-webpage/locations/us-central1/functions/oauthGithub","type":"UPDATE_FUNCTION","request":{"@type":"type.googleapis.com/google.cloud.functions.v1.CloudFunction","name":"projects/razvantimis-webpage/locations/us-central1/functions/oauthGithub","httpsTrigger":{"url":"https://us-central1-razvantimis-webpage.cloudfunctions.net/oauthGithub","securityLevel":"SECURE_OPTIONAL"},"status":"ACTIVE","entryPoint":"oauthGithub","timeout":"60s","availableMemoryMb":256,"serviceAccountEmail":"razvantimis-webpage@appspot.gserviceaccount.com","updateTime":"2021-04-11T07:52:25.937Z","versionId":"5","labels":{"deployment-tool":"cli-firebase"},"sourceUploadUrl":"https://storage.googleapis.com/uploads-424717022146.us-central1.cloudfunctions.appspot.com/da386c3b-2a63-434c-a292-af32303ac8b0.zip?GoogleAccessId=service-1004462922601@gcf-admin-robot.iam.gserviceaccount.com&Expires=1656167433&Signature=D8rdY27RL66MTu1BIBJ1FLJIwp8XPJ9RVcIy3UV1ojS2PQqtiNen9MNGFjipHmmA7wRgKWN53FH8gXguzx50vnYxziEvxyXFi7GPULYKuvNFEkRAbFBFWSFkn2HmvG6tG4F50%2B4XUT%2F4b%2BD4S9FeXy%2FjbEWVpLOQTQg%2BVy7GYq%2Bvw90izRKhUYRGKGOztVR67siH4vBQLWKwycfU%2FTK7HvRplJOmjyjd97USdx3fB9hhlGUIYBc%2FFnBOS02yhWnHkB7lzk1j6xKxI0CQWbMe62mVr2qUaqozYvjgk2YLjoHhR8Ml%2BRL4%2Bhj3K4UjT7Kv7jICrdVsyZyWIUz5S7WGKA%3D%3D","environmentVariables":{"NODE_ENV":"production","PROVIDER":"github","CLIENT_ID":"f432a9casdff1e4b79c57","CLIENT_SECRET":"pampadympapampadympapampadympa","REDIRECT_URL":"https://your.server.com/callback","FIREBASE_CONFIG":"{\"projectId\":\"razvantimis-webpage\",\"databaseURL\":\"https://razvantimis-webpage.firebaseio.com\",\"storageBucket\":\"razvantimis-webpage.appspot.com\"}","GCLOUD_PROJECT":"razvantimis-webpage"},"runtime":"nodejs16","ingressSettings":"ALLOW_ALL","buildId":"3ae0332b-4f88-43ee-9950-0efcb512eef8","dockerRegistry":"CONTAINER_REGISTRY"},"versionId":"6","updateTime":"2022-06-25T14:00:34Z","buildId":"8ad4be9c-e335-43a7-948f-43dc380b33df","buildName":"projects/1004462922601/locations/us-central1/builds/8ad4be9c-e335-43a7-948f-43dc380b33df"}}
[debug] [2022-06-25T14:01:22.860Z] [update-default-us-central1-oauthGithub] Retrying task index 0
[debug] [2022-06-25T14:01:22.864Z] >>> [apiv2][query] GET https://cloudfunctions.googleapis.com/v1/operations/cmF6dmFudGltaXMtd2VicGFnZS91cy1jZW50cmFsMS9vYXV0aEdpdGh1Yi9xMkk2bW12QWo0UQ [none]
[debug] [2022-06-25T14:01:23.134Z] <<< [apiv2][status] GET https://cloudfunctions.googleapis.com/v1/operations/cmF6dmFudGltaXMtd2VicGFnZS91cy1jZW50cmFsMS9vYXV0aEdpdGh1Yi9xMkk2bW12QWo0UQ 200
[debug] [2022-06-25T14:01:23.134Z] <<< [apiv2][body] GET https://cloudfunctions.googleapis.com/v1/operations/cmF6dmFudGltaXMtd2VicGFnZS91cy1jZW50cmFsMS9vYXV0aEdpdGh1Yi9xMkk2bW12QWo0UQ {"name":"operations/cmF6dmFudGltaXMtd2VicGFnZS91cy1jZW50cmFsMS9vYXV0aEdpdGh1Yi9xMkk2bW12QWo0UQ","metadata":{"@type":"type.googleapis.com/google.cloud.functions.v1.OperationMetadataV1","target":"projects/razvantimis-webpage/locations/us-central1/functions/oauthGithub","type":"UPDATE_FUNCTION","request":{"@type":"type.googleapis.com/google.cloud.functions.v1.CloudFunction","name":"projects/razvantimis-webpage/locations/us-central1/functions/oauthGithub","httpsTrigger":{"url":"https://us-central1-razvantimis-webpage.cloudfunctions.net/oauthGithub","securityLevel":"SECURE_OPTIONAL"},"status":"ACTIVE","entryPoint":"oauthGithub","timeout":"60s","availableMemoryMb":256,"serviceAccountEmail":"razvantimis-webpage@appspot.gserviceaccount.com","updateTime":"2021-04-11T07:52:25.937Z","versionId":"5","labels":{"deployment-tool":"cli-firebase"},"sourceUploadUrl":"https://storage.googleapis.com/uploads-424717022146.us-central1.cloudfunctions.appspot.com/da386c3b-2a63-434c-a292-af32303ac8b0.zip?GoogleAccessId=service-1004462922601@gcf-admin-robot.iam.gserviceaccount.com&Expires=1656167433&Signature=D8rdY27RL66MTu1BIBJ1FLJIwp8XPJ9RVcIy3UV1ojS2PQqtiNen9MNGFjipHmmA7wRgKWN53FH8gXguzx50vnYxziEvxyXFi7GPULYKuvNFEkRAbFBFWSFkn2HmvG6tG4F50%2B4XUT%2F4b%2BD4S9FeXy%2FjbEWVpLOQTQg%2BVy7GYq%2Bvw90izRKhUYRGKGOztVR67siH4vBQLWKwycfU%2FTK7HvRplJOmjyjd97USdx3fB9hhlGUIYBc%2FFnBOS02yhWnHkB7lzk1j6xKxI0CQWbMe62mVr2qUaqozYvjgk2YLjoHhR8Ml%2BRL4%2Bhj3K4UjT7Kv7jICrdVsyZyWIUz5S7WGKA%3D%3D","environmentVariables":{"NODE_ENV":"production","PROVIDER":"github","CLIENT_ID":"f432a9casdff1e4b79c57","CLIENT_SECRET":"pampadympapampadympapampadympa","REDIRECT_URL":"https://your.server.com/callback","FIREBASE_CONFIG":"{\"projectId\":\"razvantimis-webpage\",\"databaseURL\":\"https://razvantimis-webpage.firebaseio.com\",\"storageBucket\":\"razvantimis-webpage.appspot.com\"}","GCLOUD_PROJECT":"razvantimis-webpage"},"runtime":"nodejs16","ingressSettings":"ALLOW_ALL","buildId":"3ae0332b-4f88-43ee-9950-0efcb512eef8","dockerRegistry":"CONTAINER_REGISTRY"},"versionId":"6","updateTime":"2022-06-25T14:00:34Z","buildId":"8ad4be9c-e335-43a7-948f-43dc380b33df","buildName":"projects/1004462922601/locations/us-central1/builds/8ad4be9c-e335-43a7-948f-43dc380b33df"}}
[debug] [2022-06-25T14:01:33.136Z] [update-default-us-central1-oauthGithub] Retrying task index 0
[debug] [2022-06-25T14:01:33.138Z] >>> [apiv2][query] GET https://cloudfunctions.googleapis.com/v1/operations/cmF6dmFudGltaXMtd2VicGFnZS91cy1jZW50cmFsMS9vYXV0aEdpdGh1Yi9xMkk2bW12QWo0UQ [none]
[debug] [2022-06-25T14:01:33.433Z] <<< [apiv2][status] GET https://cloudfunctions.googleapis.com/v1/operations/cmF6dmFudGltaXMtd2VicGFnZS91cy1jZW50cmFsMS9vYXV0aEdpdGh1Yi9xMkk2bW12QWo0UQ 200
[debug] [2022-06-25T14:01:33.434Z] <<< [apiv2][body] GET https://cloudfunctions.googleapis.com/v1/operations/cmF6dmFudGltaXMtd2VicGFnZS91cy1jZW50cmFsMS9vYXV0aEdpdGh1Yi9xMkk2bW12QWo0UQ {"name":"operations/cmF6dmFudGltaXMtd2VicGFnZS91cy1jZW50cmFsMS9vYXV0aEdpdGh1Yi9xMkk2bW12QWo0UQ","metadata":{"@type":"type.googleapis.com/google.cloud.functions.v1.OperationMetadataV1","target":"projects/razvantimis-webpage/locations/us-central1/functions/oauthGithub","type":"UPDATE_FUNCTION","request":{"@type":"type.googleapis.com/google.cloud.functions.v1.CloudFunction","name":"projects/razvantimis-webpage/locations/us-central1/functions/oauthGithub","httpsTrigger":{"url":"https://us-central1-razvantimis-webpage.cloudfunctions.net/oauthGithub","securityLevel":"SECURE_OPTIONAL"},"status":"ACTIVE","entryPoint":"oauthGithub","timeout":"60s","availableMemoryMb":256,"serviceAccountEmail":"razvantimis-webpage@appspot.gserviceaccount.com","updateTime":"2021-04-11T07:52:25.937Z","versionId":"5","labels":{"deployment-tool":"cli-firebase"},"sourceUploadUrl":"https://storage.googleapis.com/uploads-424717022146.us-central1.cloudfunctions.appspot.com/da386c3b-2a63-434c-a292-af32303ac8b0.zip?GoogleAccessId=service-1004462922601@gcf-admin-robot.iam.gserviceaccount.com&Expires=1656167433&Signature=D8rdY27RL66MTu1BIBJ1FLJIwp8XPJ9RVcIy3UV1ojS2PQqtiNen9MNGFjipHmmA7wRgKWN53FH8gXguzx50vnYxziEvxyXFi7GPULYKuvNFEkRAbFBFWSFkn2HmvG6tG4F50%2B4XUT%2F4b%2BD4S9FeXy%2FjbEWVpLOQTQg%2BVy7GYq%2Bvw90izRKhUYRGKGOztVR67siH4vBQLWKwycfU%2FTK7HvRplJOmjyjd97USdx3fB9hhlGUIYBc%2FFnBOS02yhWnHkB7lzk1j6xKxI0CQWbMe62mVr2qUaqozYvjgk2YLjoHhR8Ml%2BRL4%2Bhj3K4UjT7Kv7jICrdVsyZyWIUz5S7WGKA%3D%3D","environmentVariables":{"NODE_ENV":"production","PROVIDER":"github","CLIENT_ID":"f432a9casdff1e4b79c57","CLIENT_SECRET":"pampadympapampadympapampadympa","REDIRECT_URL":"https://your.server.com/callback","FIREBASE_CONFIG":"{\"projectId\":\"razvantimis-webpage\",\"databaseURL\":\"https://razvantimis-webpage.firebaseio.com\",\"storageBucket\":\"razvantimis-webpage.appspot.com\"}","GCLOUD_PROJECT":"razvantimis-webpage"},"runtime":"nodejs16","ingressSettings":"ALLOW_ALL","buildId":"3ae0332b-4f88-43ee-9950-0efcb512eef8","dockerRegistry":"CONTAINER_REGISTRY"},"versionId":"6","updateTime":"2022-06-25T14:00:34Z","buildId":"8ad4be9c-e335-43a7-948f-43dc380b33df","sourceToken":"da7b3224-8e23-4677-92e3-5186235471dc","buildName":"projects/1004462922601/locations/us-central1/builds/8ad4be9c-e335-43a7-948f-43dc380b33df"}}
[debug] [2022-06-25T14:01:33.434Z] Got source token da7b3224-8e23-4677-92e3-5186235471dc for region us-central1
[debug] [2022-06-25T14:01:43.436Z] [update-default-us-central1-oauthGithub] Retrying task index 0
[debug] [2022-06-25T14:01:43.437Z] >>> [apiv2][query] GET https://cloudfunctions.googleapis.com/v1/operations/cmF6dmFudGltaXMtd2VicGFnZS91cy1jZW50cmFsMS9vYXV0aEdpdGh1Yi9xMkk2bW12QWo0UQ [none]
[debug] [2022-06-25T14:01:43.708Z] <<< [apiv2][status] GET https://cloudfunctions.googleapis.com/v1/operations/cmF6dmFudGltaXMtd2VicGFnZS91cy1jZW50cmFsMS9vYXV0aEdpdGh1Yi9xMkk2bW12QWo0UQ 200
[debug] [2022-06-25T14:01:43.708Z] <<< [apiv2][body] GET https://cloudfunctions.googleapis.com/v1/operations/cmF6dmFudGltaXMtd2VicGFnZS91cy1jZW50cmFsMS9vYXV0aEdpdGh1Yi9xMkk2bW12QWo0UQ {"name":"operations/cmF6dmFudGltaXMtd2VicGFnZS91cy1jZW50cmFsMS9vYXV0aEdpdGh1Yi9xMkk2bW12QWo0UQ","metadata":{"@type":"type.googleapis.com/google.cloud.functions.v1.OperationMetadataV1","target":"projects/razvantimis-webpage/locations/us-central1/functions/oauthGithub","type":"UPDATE_FUNCTION","request":{"@type":"type.googleapis.com/google.cloud.functions.v1.CloudFunction","name":"projects/razvantimis-webpage/locations/us-central1/functions/oauthGithub","httpsTrigger":{"url":"https://us-central1-razvantimis-webpage.cloudfunctions.net/oauthGithub","securityLevel":"SECURE_OPTIONAL"},"status":"ACTIVE","entryPoint":"oauthGithub","timeout":"60s","availableMemoryMb":256,"serviceAccountEmail":"razvantimis-webpage@appspot.gserviceaccount.com","updateTime":"2021-04-11T07:52:25.937Z","versionId":"5","labels":{"deployment-tool":"cli-firebase"},"sourceUploadUrl":"https://storage.googleapis.com/uploads-424717022146.us-central1.cloudfunctions.appspot.com/da386c3b-2a63-434c-a292-af32303ac8b0.zip?GoogleAccessId=service-1004462922601@gcf-admin-robot.iam.gserviceaccount.com&Expires=1656167433&Signature=D8rdY27RL66MTu1BIBJ1FLJIwp8XPJ9RVcIy3UV1ojS2PQqtiNen9MNGFjipHmmA7wRgKWN53FH8gXguzx50vnYxziEvxyXFi7GPULYKuvNFEkRAbFBFWSFkn2HmvG6tG4F50%2B4XUT%2F4b%2BD4S9FeXy%2FjbEWVpLOQTQg%2BVy7GYq%2Bvw90izRKhUYRGKGOztVR67siH4vBQLWKwycfU%2FTK7HvRplJOmjyjd97USdx3fB9hhlGUIYBc%2FFnBOS02yhWnHkB7lzk1j6xKxI0CQWbMe62mVr2qUaqozYvjgk2YLjoHhR8Ml%2BRL4%2Bhj3K4UjT7Kv7jICrdVsyZyWIUz5S7WGKA%3D%3D","environmentVariables":{"NODE_ENV":"production","PROVIDER":"github","CLIENT_ID":"f432a9casdff1e4b79c57","CLIENT_SECRET":"pampadympapampadympapampadympa","REDIRECT_URL":"https://your.server.com/callback","FIREBASE_CONFIG":"{\"projectId\":\"razvantimis-webpage\",\"databaseURL\":\"https://razvantimis-webpage.firebaseio.com\",\"storageBucket\":\"razvantimis-webpage.appspot.com\"}","GCLOUD_PROJECT":"razvantimis-webpage"},"runtime":"nodejs16","ingressSettings":"ALLOW_ALL","buildId":"3ae0332b-4f88-43ee-9950-0efcb512eef8","dockerRegistry":"CONTAINER_REGISTRY"},"versionId":"6","updateTime":"2022-06-25T14:00:34Z","buildId":"8ad4be9c-e335-43a7-948f-43dc380b33df","sourceToken":"da7b3224-8e23-4677-92e3-5186235471dc","buildName":"projects/1004462922601/locations/us-central1/builds/8ad4be9c-e335-43a7-948f-43dc380b33df"}}
[debug] [2022-06-25T14:01:43.708Z] Got source token da7b3224-8e23-4677-92e3-5186235471dc for region us-central1
